#
# There is insufficient memory for the Java Runtime Environment to continue.
# Native memory allocation (mmap) failed to map 264241152 bytes for G1 virtual space
# Possible reasons:
#   The system is out of physical RAM or swap space
#   The process is running with CompressedOops enabled, and the Java Heap may be blocking the growth of the native heap
# Possible solutions:
#   Reduce memory load on the system
#   Increase physical memory or swap space
#   Check if swap backing store is full
#   Decrease Java heap size (-Xmx/-Xms)
#   Decrease number of Java threads
#   Decrease Java thread stack sizes (-Xss)
#   Set larger code cache with -XX:ReservedCodeCacheSize=
#   JVM is running with Zero Based Compressed Oops mode in which the Java heap is
#     placed in the first 32GB address space. The Java Heap base address is the
#     maximum limit for the native heap growth. Please use -XX:HeapBaseMinAddress
#     to set the Java Heap base and to place the Java Heap above 32GB virtual address.
# This output file may be truncated or incomplete.
#
#  Out of Memory Error (os_windows.cpp:3613), pid=32820, tid=15936
#
# JRE version:  (17.0.9+9) (build )
# Java VM: OpenJDK 64-Bit Server VM (17.0.9+9, mixed mode, sharing, tiered, compressed oops, compressed class ptrs, g1 gc, windows-amd64)
# No core dump will be written. Minidumps are not enabled by default on client versions of Windows
#

---------------  S U M M A R Y ------------

Command Line: -Dfile.encoding=UTF-8 -Dstdout.encoding=UTF-8 -Dstderr.encoding=UTF-8 -XX:+ShowCodeDetailsInExceptionMessages flipkartAssignment_relativelocator

Host: 12th Gen Intel(R) Core(TM) i7-1255U, 12 cores, 15G,  Windows 11 , 64 bit Build 22621 (10.0.22621.3374)
Time: Thu May  9 12:45:43 2024 India Standard Time elapsed time: 0.013603 seconds (0d 0h 0m 0s)

---------------  T H R E A D  ---------------

Current thread (0x000002327fbe6fe0):  JavaThread "Unknown thread" [_thread_in_vm, id=15936, stack(0x00000082eef00000,0x00000082ef000000)]

Stack: [0x00000082eef00000,0x00000082ef000000]
Native frames: (J=compiled Java code, j=interpreted, Vv=VM code, C=native code)
V  [jvm.dll+0x67cf49]
V  [jvm.dll+0x83478a]
V  [jvm.dll+0x83624e]
V  [jvm.dll+0x8368b3]
V  [jvm.dll+0x247f1f]
V  [jvm.dll+0x679d69]
V  [jvm.dll+0x66e6ba]
V  [jvm.dll+0x307e5b]
V  [jvm.dll+0x30f306]
V  [jvm.dll+0x35f0ce]
V  [jvm.dll+0x35f2ff]
V  [jvm.dll+0x2dea58]
V  [jvm.dll+0x2df9c4]
V  [jvm.dll+0x806031]
V  [jvm.dll+0x36cf31]
V  [jvm.dll+0x7e4aac]
V  [jvm.dll+0x3f07af]
V  [jvm.dll+0x3f23e1]
C  [jli.dll+0x528f]
C  [ucrtbase.dll+0x29333]
C  [KERNEL32.DLL+0x1257d]
C  [ntdll.dll+0x5aa48]


---------------  P R O C E S S  ---------------

Threads class SMR info:
_java_thread_list=0x00007ff9b387ee98, length=0, elements={
}

Java Threads: ( => current thread )

Other Threads:
  0x000002327fc559c0 GCTaskThread "GC Thread#0" [stack: 0x00000082ef000000,0x00000082ef100000] [id=40924]
  0x000002327fc66330 ConcurrentGCThread "G1 Main Marker" [stack: 0x00000082ef100000,0x00000082ef200000] [id=1516]
  0x000002327fc67400 ConcurrentGCThread "G1 Conc#0" [stack: 0x00000082ef200000,0x00000082ef300000] [id=1576]

[error occurred during error reporting (printing all threads), id 0xc0000005, EXCEPTION_ACCESS_VIOLATION (0xc0000005) at pc=0x00007ff9b303f497]

VM state: not at safepoint (not fully initialized)

VM Mutex/Monitor currently owned by a thread:  ([mutex/lock_event])
[0x000002327fbe19d0] Heap_lock - owner thread: 0x000002327fbe6fe0

Heap address: 0x0000000704e00000, size: 4018 MB, Compressed Oops mode: Zero based, Oop shift amount: 3

CDS archive(s) mapped at: [0x0000000000000000-0x0000000000000000-0x0000000000000000), size 0, SharedBaseAddress: 0x0000000800000000, ArchiveRelocationMode: 1.
Narrow klass base: 0x0000000000000000, Narrow klass shift: 0, Narrow klass range: 0x0

GC Precious Log:
<Empty>

Heap:
 garbage-first heap   total 0K, used 0K [0x0000000704e00000, 0x0000000800000000)
  region size 2048K, 0 young (0K), 0 survivors (0K)

[error occurred during error reporting (printing heap information), id 0xc0000005, EXCEPTION_ACCESS_VIOLATION (0xc0000005) at pc=0x00007ff9b3426c79]

GC Heap History (0 events):
No events

Dll operation events (1 events):
Event: 0.007 Loaded shared library D:\Selenium Learning\Eclipse\eclipse-java-2023-12-R-win32-x86_64\eclipse\plugins\org.eclipse.justj.openjdk.hotspot.jre.full.win32.x86_64_17.0.9.v20231028-0858\jre\bin\java.dll

Deoptimization events (0 events):
No events

Classes unloaded (0 events):
No events

Classes redefined (0 events):
No events

Internal exceptions (0 events):
No events

VM Operations (0 events):
No events

Events (0 events):
No events


Dynamic libraries:
0x00007ff7dd020000 - 0x00007ff7dd02e000 	D:\Selenium Learning\Eclipse\eclipse-java-2023-12-R-win32-x86_64\eclipse\plugins\org.eclipse.justj.openjdk.hotspot.jre.full.win32.x86_64_17.0.9.v20231028-0858\jre\bin\javaw.exe
0x00007ff9ebef0000 - 0x00007ff9ec106000 	C:\WINDOWS\SYSTEM32\ntdll.dll
0x00007ff9eb490000 - 0x00007ff9eb554000 	C:\WINDOWS\System32\KERNEL32.DLL
0x00007ff9e9840000 - 0x00007ff9e9be7000 	C:\WINDOWS\System32\KERNELBASE.dll
0x00007ff9e9210000 - 0x00007ff9e9321000 	C:\WINDOWS\System32\ucrtbase.dll
0x00007ff9de5e0000 - 0x00007ff9de5f7000 	D:\Selenium Learning\Eclipse\eclipse-java-2023-12-R-win32-x86_64\eclipse\plugins\org.eclipse.justj.openjdk.hotspot.jre.full.win32.x86_64_17.0.9.v20231028-0858\jre\bin\jli.dll
0x00007ff9ddca0000 - 0x00007ff9ddcbb000 	D:\Selenium Learning\Eclipse\eclipse-java-2023-12-R-win32-x86_64\eclipse\plugins\org.eclipse.justj.openjdk.hotspot.jre.full.win32.x86_64_17.0.9.v20231028-0858\jre\bin\VCRUNTIME140.dll
0x00007ff9eb8b0000 - 0x00007ff9eba5e000 	C:\WINDOWS\System32\USER32.dll
0x00007ff9e9bf0000 - 0x00007ff9e9c16000 	C:\WINDOWS\System32\win32u.dll
0x00007ff9dc4d0000 - 0x00007ff9dc763000 	C:\WINDOWS\WinSxS\amd64_microsoft.windows.common-controls_6595b64144ccf1df_6.0.22621.3235_none_270f74e173860f98\COMCTL32.dll
0x00007ff9eb6c0000 - 0x00007ff9eb6e9000 	C:\WINDOWS\System32\GDI32.dll
0x00007ff9ebb30000 - 0x00007ff9ebbd7000 	C:\WINDOWS\System32\msvcrt.dll
0x00007ff9e9330000 - 0x00007ff9e9449000 	C:\WINDOWS\System32\gdi32full.dll
0x00007ff9e9600000 - 0x00007ff9e969a000 	C:\WINDOWS\System32\msvcp_win.dll
0x00007ff9eb110000 - 0x00007ff9eb141000 	C:\WINDOWS\System32\IMM32.DLL
0x00007ff9de860000 - 0x00007ff9de86c000 	D:\Selenium Learning\Eclipse\eclipse-java-2023-12-R-win32-x86_64\eclipse\plugins\org.eclipse.justj.openjdk.hotspot.jre.full.win32.x86_64_17.0.9.v20231028-0858\jre\bin\vcruntime140_1.dll
0x00007ff99ccc0000 - 0x00007ff99cd4d000 	D:\Selenium Learning\Eclipse\eclipse-java-2023-12-R-win32-x86_64\eclipse\plugins\org.eclipse.justj.openjdk.hotspot.jre.full.win32.x86_64_17.0.9.v20231028-0858\jre\bin\msvcp140.dll
0x00007ff9b2d50000 - 0x00007ff9b39b1000 	D:\Selenium Learning\Eclipse\eclipse-java-2023-12-R-win32-x86_64\eclipse\plugins\org.eclipse.justj.openjdk.hotspot.jre.full.win32.x86_64_17.0.9.v20231028-0858\jre\bin\server\jvm.dll
0x00007ff9eba60000 - 0x00007ff9ebb12000 	C:\WINDOWS\System32\ADVAPI32.dll
0x00007ff9eb610000 - 0x00007ff9eb6b8000 	C:\WINDOWS\System32\sechost.dll
0x00007ff9e96a0000 - 0x00007ff9e96c8000 	C:\WINDOWS\System32\bcrypt.dll
0x00007ff9eb350000 - 0x00007ff9eb465000 	C:\WINDOWS\System32\RPCRT4.dll
0x00007ff9e90e0000 - 0x00007ff9e912d000 	C:\WINDOWS\SYSTEM32\POWRPROF.dll
0x00007ff9df200000 - 0x00007ff9df234000 	C:\WINDOWS\SYSTEM32\WINMM.dll
0x00007ff9c3540000 - 0x00007ff9c3549000 	C:\WINDOWS\SYSTEM32\WSOCK32.dll
0x00007ff9ddd00000 - 0x00007ff9ddd0a000 	C:\WINDOWS\SYSTEM32\VERSION.dll
0x00007ff9eb090000 - 0x00007ff9eb101000 	C:\WINDOWS\System32\WS2_32.dll
0x00007ff9e90c0000 - 0x00007ff9e90d3000 	C:\WINDOWS\SYSTEM32\UMPDC.dll
0x00007ff9e8210000 - 0x00007ff9e8228000 	C:\WINDOWS\SYSTEM32\kernel.appcore.dll
0x00007ff9ddd40000 - 0x00007ff9ddd4a000 	D:\Selenium Learning\Eclipse\eclipse-java-2023-12-R-win32-x86_64\eclipse\plugins\org.eclipse.justj.openjdk.hotspot.jre.full.win32.x86_64_17.0.9.v20231028-0858\jre\bin\jimage.dll
0x00007ff9e6b40000 - 0x00007ff9e6d73000 	C:\WINDOWS\SYSTEM32\DBGHELP.DLL
0x00007ff9ea280000 - 0x00007ff9ea608000 	C:\WINDOWS\System32\combase.dll
0x00007ff9eaf10000 - 0x00007ff9eafe7000 	C:\WINDOWS\System32\OLEAUT32.dll
0x00007ff9de270000 - 0x00007ff9de2a2000 	C:\WINDOWS\SYSTEM32\dbgcore.DLL
0x00007ff9e9510000 - 0x00007ff9e9589000 	C:\WINDOWS\System32\bcryptPrimitives.dll
0x00007ff9ddc10000 - 0x00007ff9ddc35000 	D:\Selenium Learning\Eclipse\eclipse-java-2023-12-R-win32-x86_64\eclipse\plugins\org.eclipse.justj.openjdk.hotspot.jre.full.win32.x86_64_17.0.9.v20231028-0858\jre\bin\java.dll

dbghelp: loaded successfully - version: 4.0.5 - missing functions: none
symbol engine: initialized successfully - sym options: 0x614 - pdb path: .;D:\Selenium Learning\Eclipse\eclipse-java-2023-12-R-win32-x86_64\eclipse\plugins\org.eclipse.justj.openjdk.hotspot.jre.full.win32.x86_64_17.0.9.v20231028-0858\jre\bin;C:\WINDOWS\SYSTEM32;C:\WINDOWS\WinSxS\amd64_microsoft.windows.common-controls_6595b64144ccf1df_6.0.22621.3235_none_270f74e173860f98;D:\Selenium Learning\Eclipse\eclipse-java-2023-12-R-win32-x86_64\eclipse\plugins\org.eclipse.justj.openjdk.hotspot.jre.full.win32.x86_64_17.0.9.v20231028-0858\jre\bin\server

VM Arguments:
jvm_args: -Dfile.encoding=UTF-8 -Dstdout.encoding=UTF-8 -Dstderr.encoding=UTF-8 -XX:+ShowCodeDetailsInExceptionMessages 
java_command: flipkartAssignment_relativelocator
java_class_path (initial): D:\Eclipse\Introduction\target\classes;D:\Selenium Learning\Eclipse\eclipse-java-2023-12-R-win32-x86_64\eclipse\plugins\org.junit_4.13.2.v20230809-1000.jar;D:\Selenium Learning\Eclipse\eclipse-java-2023-12-R-win32-x86_64\eclipse\plugins\org.hamcrest_2.2.0.jar;D:\Selenium Learning\Eclipse\eclipse-java-2023-12-R-win32-x86_64\eclipse\plugins\org.hamcrest.core_2.2.0.v20230809-1000.jar;D:\Selenium Learning\Eclipse\eclipse-java-2023-12-R-win32-x86_64\eclipse\plugins\org.testng_7.4.0.r202105021533.jar;D:\Selenium Learning\Eclipse\eclipse-java-2023-12-R-win32-x86_64\eclipse\plugins\com.beust.jcommander_1.78.0.jar;D:\Selenium Learning\Eclipse\eclipse-java-2023-12-R-win32-x86_64\eclipse\plugins\org.apache-extras.beanshell.bsh_2.0.0.b6.jar;D:\Selenium Learning\Eclipse\eclipse-java-2023-12-R-win32-x86_64\eclipse\plugins\org.yaml.snakeyaml_1.21.0.jar;D:\Selenium Learning\Eclipse\eclipse-java-2023-12-R-win32-x86_64\eclipse\plugins\org.webjars.jquery_3.5.1.jar;C:\Users\Admin\Downloads\testng-7.9.0.jar;C:\Users\Admin\.m2\repository\org\seleniumhq\selenium\selenium-java\4.19.0\selenium-java-4.19.0.jar;C:\Users\Admin\.m2\repository\org\seleniumhq\selenium\selenium-api\4.19.0\selenium-api-4.19.0.jar;C:\Users\Admin\.m2\repository\org\seleniumhq\selenium\selenium-chrome-driver\4.19.0\selenium-chrome-driver-4.19.0.jar;C:\Users\Admin\.m2\repository\com\google\auto\service\auto-service-annotations\1.1.1\auto-service-annotations-1.1.1.jar;C:\Users\Admin\.m2\repository\org\seleniumhq\selenium\selenium-chromium-driver\4.19.0\selenium-chromium-driver-4.19.0.jar;C:\Users\Admin\.m2\repository\org\seleniumhq\selenium\selenium-json\4.19.0\selenium-json-4.19.0.jar;C:\Users\Admin\.m2\repository\org\seleniumhq\selenium\selenium-manager\4.19.0\selenium-manager-4.19.0.jar;C:\Users\Admin\.m2\repository\org\seleniumhq\selenium\selenium-devtools-v121\4.19.0\selenium-devtools-v121-4.19.0.jar;C:\Users\Admin\.m2\repository\org\seleniumhq\selenium\selenium-devtools-v122\4.19.0\sel
Launcher Type: SUN_STANDARD

[Global flags]
     intx CICompilerCount                          = 4                                         {product} {ergonomic}
     uint ConcGCThreads                            = 3                                         {product} {ergonomic}
     uint G1ConcRefinementThreads                  = 10                                        {product} {ergonomic}
   size_t G1HeapRegionSize                         = 2097152                                   {product} {ergonomic}
    uintx GCDrainStackTargetSize                   = 64                                        {product} {ergonomic}
   size_t InitialHeapSize                          = 264241152                                 {product} {ergonomic}
   size_t MarkStackSize                            = 4194304                                   {product} {ergonomic}
   size_t MaxHeapSize                              = 4213178368                                {product} {ergonomic}
   size_t MinHeapDeltaBytes                        = 2097152                                   {product} {ergonomic}
   size_t MinHeapSize                              = 8388608                                   {product} {ergonomic}
    uintx NonNMethodCodeHeapSize                   = 5839372                                {pd product} {ergonomic}
    uintx NonProfiledCodeHeapSize                  = 122909434                              {pd product} {ergonomic}
    uintx ProfiledCodeHeapSize                     = 122909434                              {pd product} {ergonomic}
    uintx ReservedCodeCacheSize                    = 251658240                              {pd product} {ergonomic}
     bool SegmentedCodeCache                       = true                                      {product} {ergonomic}
     bool ShowCodeDetailsInExceptionMessages       = true                                   {manageable} {command line}
   size_t SoftMaxHeapSize                          = 4213178368                             {manageable} {ergonomic}
     bool UseCompressedClassPointers               = true                           {product lp64_product} {ergonomic}
     bool UseCompressedOops                        = true                           {product lp64_product} {ergonomic}
     bool UseG1GC                                  = true                                      {product} {ergonomic}
     bool UseLargePagesIndividualAllocation        = false                                  {pd product} {ergonomic}

Logging:
Log output configuration:
 #0: stdout all=warning uptime,level,tags
 #1: stderr all=off uptime,level,tags

Environment Variables:
JAVA_HOME=C:\Program Files\Java\jdk-21
PATH=D:/Selenium Learning/Eclipse/eclipse-java-2023-12-R-win32-x86_64/eclipse//plugins/org.eclipse.justj.openjdk.hotspot.jre.full.win32.x86_64_17.0.9.v20231028-0858/jre/bin/server;D:/Selenium Learning/Eclipse/eclipse-java-2023-12-R-win32-x86_64/eclipse//plugins/org.eclipse.justj.openjdk.hotspot.jre.full.win32.x86_64_17.0.9.v20231028-0858/jre/bin;C:\Program Files (x86)\Common Files\Oracle\Java\javapath;C:\Program Files\Common Files\Oracle\Java\javapath;C:\WINDOWS\system32;C:\WINDOWS;C:\WINDOWS\System32\Wbem;C:\WINDOWS\System32\WindowsPowerShell\v1.0\;C:\WINDOWS\System32\OpenSSH\;C:\Program Files\dotnet\;C:\Program Files\Java\jdk-21\bin;C:\Users\Admin\AppData\Local\Microsoft\WindowsApps;C:\Users\Admin\AppData\Local\Programs\Microsoft VS Code\bin;;D:\Selenium Learning\Eclipse\eclipse-java-2023-12-R-win32-x86_64\eclipse;
USERNAME=Admin
OS=Windows_NT
PROCESSOR_IDENTIFIER=Intel64 Family 6 Model 154 Stepping 4, GenuineIntel
TMP=C:\Users\Admin\AppData\Local\Temp
TEMP=C:\Users\Admin\AppData\Local\Temp



Periodic native trim disabled


---------------  S Y S T E M  ---------------

OS:
 Windows 11 , 64 bit Build 22621 (10.0.22621.3374)
OS uptime: 16 days 1:57 hours
Hyper-V role detected

CPU: total 12 (initial active 12) (6 cores per cpu, 2 threads per core) family 6 model 154 stepping 4 microcode 0x432, cx8, cmov, fxsr, ht, mmx, 3dnowpref, sse, sse2, sse3, ssse3, sse4.1, sse4.2, popcnt, lzcnt, tsc, tscinvbit, avx, avx2, aes, erms, clmul, bmi1, bmi2, adx, sha, fma, vzeroupper, clflush, clflushopt, clwb, hv
Processor Information for processor 0
  Max Mhz: 1700, Current Mhz: 1700, Mhz Limit: 1700
Processor Information for processor 1
  Max Mhz: 1700, Current Mhz: 1700, Mhz Limit: 1700
Processor Information for processor 2
  Max Mhz: 1700, Current Mhz: 1700, Mhz Limit: 1700
Processor Information for processor 3
  Max Mhz: 1700, Current Mhz: 1700, Mhz Limit: 1700
Processor Information for processor 4
  Max Mhz: 1700, Current Mhz: 1200, Mhz Limit: 1190
Processor Information for processor 5
  Max Mhz: 1700, Current Mhz: 1200, Mhz Limit: 1190
Processor Information for processor 6
  Max Mhz: 1700, Current Mhz: 1200, Mhz Limit: 1190
Processor Information for processor 7
  Max Mhz: 1700, Current Mhz: 1200, Mhz Limit: 1190
Processor Information for processor 8
  Max Mhz: 1700, Current Mhz: 1200, Mhz Limit: 1190
Processor Information for processor 9
  Max Mhz: 1700, Current Mhz: 1200, Mhz Limit: 1190
Processor Information for processor 10
  Max Mhz: 1700, Current Mhz: 1200, Mhz Limit: 1190
Processor Information for processor 11
  Max Mhz: 1700, Current Mhz: 1200, Mhz Limit: 1190

Memory: 4k page, system-wide physical 16068M (438M free)
TotalPageFile size 33217M (AvailPageFile size 11M)
current process WorkingSet (physical memory assigned to process): 11M, peak: 11M
current process commit charge ("private bytes"): 64M, peak: 316M

vm_info: OpenJDK 64-Bit Server VM (17.0.9+9) for windows-amd64 JRE (17.0.9+9), built on Oct 26 2023 14:01:42 by "admin" with MS VC++ 16.10 / 16.11 (VS2019)

END.
